#
# There is insufficient memory for the Java Runtime Environment to continue.
# Native memory allocation (mmap) failed to map 132120576 bytes for G1 virtual space
# Possible reasons:
#   The system is out of physical RAM or swap space
#   The process is running with CompressedOops enabled, and the Java Heap may be blocking the growth of the native heap
# Possible solutions:
#   Reduce memory load on the system
#   Increase physical memory or swap space
#   Check if swap backing store is full
#   Decrease Java heap size (-Xmx/-Xms)
#   Decrease number of Java threads
#   Decrease Java thread stack sizes (-Xss)
#   Set larger code cache with -XX:ReservedCodeCacheSize=
#   JVM is running with Unscaled Compressed Oops mode in which the Java heap is
#     placed in the first 4GB address space. The Java Heap base address is the
#     maximum limit for the native heap growth. Please use -XX:HeapBaseMinAddress
#     to set the Java Heap base and to place the Java Heap above 4GB virtual address.
# This output file may be truncated or incomplete.
#
#  Out of Memory Error (os_windows.cpp:3613), pid=23988, tid=23904
#
# JRE version:  (17.0.10+7) (build )
# Java VM: OpenJDK 64-Bit Server VM (17.0.10+7, mixed mode, emulated-client, sharing, tiered, compressed oops, compressed class ptrs, g1 gc, windows-amd64)
# No core dump will be written. Minidumps are not enabled by default on client versions of Windows
#

---------------  S U M M A R Y ------------

Command Line: -XX:+HeapDumpOnOutOfMemoryError -Xmx1024m -Dsts.lsp.client=vscode -Dsts.log.file=/dev/null -XX:TieredStopAtLevel=1 -Xlog:jni+resolve=off -Dspring.config.location=file:c:\Users\dushime\.vscode\extensions\vmware.vscode-spring-boot-1.53.0\language-server\BOOT-INF\classes\application.properties org.springframework.ide.vscode.boot.app.BootLanguageServerBootApp

Host: Intel(R) Core(TM) i7-6600U CPU @ 2.60GHz, 4 cores, 7G,  Windows 10 , 64 bit Build 19041 (10.0.19041.3636)
Time: Sun Apr 28 16:36:32 2024 Egypt Daylight Time elapsed time: 5.256276 seconds (0d 0h 0m 5s)

---------------  T H R E A D  ---------------

Current thread (0x00000276b40c0b50):  JavaThread "Unknown thread" [_thread_in_vm, id=23904, stack(0x0000008af2b00000,0x0000008af2c00000)]

Stack: [0x0000008af2b00000,0x0000008af2c00000]
Native frames: (J=compiled Java code, j=interpreted, Vv=VM code, C=native code)
V  [jvm.dll+0x67d2c9]
V  [jvm.dll+0x834afa]
V  [jvm.dll+0x8365be]
V  [jvm.dll+0x836c23]
V  [jvm.dll+0x2477ff]
V  [jvm.dll+0x67a109]
V  [jvm.dll+0x66eb7a]
V  [jvm.dll+0x30764b]
V  [jvm.dll+0x30eaf6]
V  [jvm.dll+0x35e83e]
V  [jvm.dll+0x35ea6f]
V  [jvm.dll+0x2de248]
V  [jvm.dll+0x2df1b4]
V  [jvm.dll+0x806361]
V  [jvm.dll+0x36c6f1]
V  [jvm.dll+0x7e4e06]
V  [jvm.dll+0x3eff3f]
V  [jvm.dll+0x3f1b71]
C  [jli.dll+0x528f]
C  [ucrtbase.dll+0x21bb2]
C  [KERNEL32.DLL+0x17344]
C  [ntdll.dll+0x526b1]


---------------  P R O C E S S  ---------------

Threads class SMR info:
_java_thread_list=0x00007ffcd348ee98, length=0, elements={
}

Java Threads: ( => current thread )

Other Threads:
  0x00000276b40fcf10 GCTaskThread "GC Thread#0" [stack: 0x0000008af2c00000,0x0000008af2d00000] [id=1048]
  0x00000276b4105e60 ConcurrentGCThread "G1 Main Marker" [stack: 0x0000008af2d00000,0x0000008af2e00000] [id=16068]
  0x00000276b4106880 ConcurrentGCThread "G1 Conc#0" [stack: 0x0000008af2e00000,0x0000008af2f00000] [id=7792]

[error occurred during error reporting (printing all threads), id 0xc0000005, EXCEPTION_ACCESS_VIOLATION (0xc0000005) at pc=0x00007ffcd2c4ec87]

VM state: not at safepoint (not fully initialized)

VM Mutex/Monitor currently owned by a thread:  ([mutex/lock_event])
[0x00000276b40bebf0] Heap_lock - owner thread: 0x00000276b40c0b50

Heap address: 0x00000000c0000000, size: 1024 MB, Compressed Oops mode: 32-bit

CDS archive(s) mapped at: [0x0000000000000000-0x0000000000000000-0x0000000000000000), size 0, SharedBaseAddress: 0x0000000800000000, ArchiveRelocationMode: 1.
Narrow klass base: 0x0000000000000000, Narrow klass shift: 0, Narrow klass range: 0x0

GC Precious Log:
<Empty>

Heap:
 garbage-first heap   total 0K, used 0K [0x00000000c0000000, 0x0000000100000000)
  region size 1024K, 0 young (0K), 0 survivors (0K)

[error occurred during error reporting (printing heap information), id 0xc0000005, EXCEPTION_ACCESS_VIOLATION (0xc0000005) at pc=0x00007ffcd3036fb9]

GC Heap History (0 events):
No events

Dll operation events (1 events):
Event: 1.710 Loaded shared library c:\Users\dushime\.vscode\extensions\redhat.java-1.30.0-win32-x64\jre\17.0.10-win32-x86_64\bin\java.dll

Deoptimization events (0 events):
No events

Classes unloaded (0 events):
No events

Classes redefined (0 events):
No events

Internal exceptions (0 events):
No events

VM Operations (0 events):
No events

Events (0 events):
No events


Dynamic libraries:
0x00007ff729d80000 - 0x00007ff729d8e000 	c:\Users\dushime\.vscode\extensions\redhat.java-1.30.0-win32-x64\jre\17.0.10-win32-x86_64\bin\java.exe
0x00007ffdbde30000 - 0x00007ffdbe028000 	C:\Windows\SYSTEM32\ntdll.dll
0x00007ffdbdc10000 - 0x00007ffdbdccd000 	C:\Windows\System32\KERNEL32.DLL
0x00007ffdbb900000 - 0x00007ffdbbbf6000 	C:\Windows\System32\KERNELBASE.dll
0x00007ffdbb6f0000 - 0x00007ffdbb7f0000 	C:\Windows\System32\ucrtbase.dll
0x00007ffd8ac80000 - 0x00007ffd8ac9b000 	c:\Users\dushime\.vscode\extensions\redhat.java-1.30.0-win32-x64\jre\17.0.10-win32-x86_64\bin\VCRUNTIME140.dll
0x00007ffda7d80000 - 0x00007ffda7d97000 	c:\Users\dushime\.vscode\extensions\redhat.java-1.30.0-win32-x64\jre\17.0.10-win32-x86_64\bin\jli.dll
0x00007ffdbcb60000 - 0x00007ffdbccff000 	C:\Windows\System32\USER32.dll
0x00007ffdbbd20000 - 0x00007ffdbbd42000 	C:\Windows\System32\win32u.dll
0x00007ffdbc0d0000 - 0x00007ffdbc0fb000 	C:\Windows\System32\GDI32.dll
0x00007ffdbbc00000 - 0x00007ffdbbd17000 	C:\Windows\System32\gdi32full.dll
0x00007ffdbb7f0000 - 0x00007ffdbb88d000 	C:\Windows\System32\msvcp_win.dll
0x00007ffd9f750000 - 0x00007ffd9f9ea000 	C:\Windows\WinSxS\amd64_microsoft.windows.common-controls_6595b64144ccf1df_6.0.19041.3636_none_60b6a03d71f818d5\COMCTL32.dll
0x00007ffdbdaa0000 - 0x00007ffdbdb3e000 	C:\Windows\System32\msvcrt.dll
0x00007ffdbc100000 - 0x00007ffdbc132000 	C:\Windows\System32\IMM32.DLL
0x00007ffdaf9b0000 - 0x00007ffdaf9bc000 	c:\Users\dushime\.vscode\extensions\redhat.java-1.30.0-win32-x64\jre\17.0.10-win32-x86_64\bin\vcruntime140_1.dll
0x00007ffd761e0000 - 0x00007ffd7626d000 	c:\Users\dushime\.vscode\extensions\redhat.java-1.30.0-win32-x64\jre\17.0.10-win32-x86_64\bin\msvcp140.dll
0x00007ffcd2960000 - 0x00007ffcd35c2000 	c:\Users\dushime\.vscode\extensions\redhat.java-1.30.0-win32-x64\jre\17.0.10-win32-x86_64\bin\server\jvm.dll
0x00007ffdbbe60000 - 0x00007ffdbbf10000 	C:\Windows\System32\ADVAPI32.dll
0x00007ffdbcac0000 - 0x00007ffdbcb60000 	C:\Windows\System32\sechost.dll
0x00007ffdbc270000 - 0x00007ffdbc393000 	C:\Windows\System32\RPCRT4.dll
0x00007ffdbbda0000 - 0x00007ffdbbdc7000 	C:\Windows\System32\bcrypt.dll
0x00007ffda0030000 - 0x00007ffda0039000 	C:\Windows\SYSTEM32\WSOCK32.dll
0x00007ffdbdba0000 - 0x00007ffdbdc0b000 	C:\Windows\System32\WS2_32.dll
0x00007ffdaf890000 - 0x00007ffdaf89a000 	C:\Windows\SYSTEM32\VERSION.dll
0x00007ffdbb290000 - 0x00007ffdbb2db000 	C:\Windows\SYSTEM32\POWRPROF.dll
0x00007ffda88a0000 - 0x00007ffda88c7000 	C:\Windows\SYSTEM32\WINMM.dll
0x00007ffdbb270000 - 0x00007ffdbb282000 	C:\Windows\SYSTEM32\UMPDC.dll
0x00007ffdb9d00000 - 0x00007ffdb9d12000 	C:\Windows\SYSTEM32\kernel.appcore.dll
0x00007ffd923c0000 - 0x00007ffd923ca000 	c:\Users\dushime\.vscode\extensions\redhat.java-1.30.0-win32-x64\jre\17.0.10-win32-x86_64\bin\jimage.dll
0x00007ffdb36a0000 - 0x00007ffdb3884000 	C:\Windows\SYSTEM32\DBGHELP.DLL
0x00007ffda0370000 - 0x00007ffda03a4000 	C:\Windows\SYSTEM32\dbgcore.DLL
0x00007ffdbbdd0000 - 0x00007ffdbbe52000 	C:\Windows\System32\bcryptPrimitives.dll
0x00007ffd82670000 - 0x00007ffd82695000 	c:\Users\dushime\.vscode\extensions\redhat.java-1.30.0-win32-x64\jre\17.0.10-win32-x86_64\bin\java.dll

dbghelp: loaded successfully - version: 4.0.5 - missing functions: none
symbol engine: initialized successfully - sym options: 0x614 - pdb path: .;c:\Users\dushime\.vscode\extensions\redhat.java-1.30.0-win32-x64\jre\17.0.10-win32-x86_64\bin;C:\Windows\SYSTEM32;C:\Windows\WinSxS\amd64_microsoft.windows.common-controls_6595b64144ccf1df_6.0.19041.3636_none_60b6a03d71f818d5;c:\Users\dushime\.vscode\extensions\redhat.java-1.30.0-win32-x64\jre\17.0.10-win32-x86_64\bin\server

VM Arguments:
jvm_args: -XX:+HeapDumpOnOutOfMemoryError -Xmx1024m -Dsts.lsp.client=vscode -Dsts.log.file=/dev/null -XX:TieredStopAtLevel=1 -Xlog:jni+resolve=off -Dspring.config.location=file:c:\Users\dushime\.vscode\extensions\vmware.vscode-spring-boot-1.53.0\language-server\BOOT-INF\classes\application.properties 
java_command: org.springframework.ide.vscode.boot.app.BootLanguageServerBootApp
java_class_path (initial): c:\Users\dushime\.vscode\extensions\vmware.vscode-spring-boot-1.53.0\language-server\BOOT-INF\classes;c:\Users\dushime\.vscode\extensions\vmware.vscode-spring-boot-1.53.0\language-server\BOOT-INF\lib\annotations-24.1.0.jar;c:\Users\dushime\.vscode\extensions\vmware.vscode-spring-boot-1.53.0\language-server\BOOT-INF\lib\antlr4-runtime-4.11.1.jar;c:\Users\dushime\.vscode\extensions\vmware.vscode-spring-boot-1.53.0\language-server\BOOT-INF\lib\asm-9.6.jar;c:\Users\dushime\.vscode\extensions\vmware.vscode-spring-boot-1.53.0\language-server\BOOT-INF\lib\asm-analysis-9.6.jar;c:\Users\dushime\.vscode\extensions\vmware.vscode-spring-boot-1.53.0\language-server\BOOT-INF\lib\asm-tree-9.6.jar;c:\Users\dushime\.vscode\extensions\vmware.vscode-spring-boot-1.53.0\language-server\BOOT-INF\lib\asm-util-9.6.jar;c:\Users\dushime\.vscode\extensions\vmware.vscode-spring-boot-1.53.0\language-server\BOOT-INF\lib\caffeine-3.1.8.jar;c:\Users\dushime\.vscode\extensions\vmware.vscode-spring-boot-1.53.0\language-server\BOOT-INF\lib\checker-qual-3.12.0.jar;c:\Users\dushime\.vscode\extensions\vmware.vscode-spring-boot-1.53.0\language-server\BOOT-INF\lib\classgraph-4.8.149.jar;c:\Users\dushime\.vscode\extensions\vmware.vscode-spring-boot-1.53.0\language-server\BOOT-INF\lib\commons-codec-1.16.1.jar;c:\Users\dushime\.vscode\extensions\vmware.vscode-spring-boot-1.53.0\language-server\BOOT-INF\lib\commons-compress-1.26.0.jar;c:\Users\dushime\.vscode\extensions\vmware.vscode-spring-boot-1.53.0\language-server\BOOT-INF\lib\commons-io-2.4.jar;c:\Users\dushime\.vscode\extensions\vmware.vscode-spring-boot-1.53.0\language-server\BOOT-INF\lib\commons-java-1.53.0-SNAPSHOT.jar;c:\Users\dushime\.vscode\extensions\vmware.vscode-spring-boot-1.53.0\language-server\BOOT-INF\lib\commons-lang3-3.13.0.jar;c:\Users\dushime\.vscode\extensions\vmware.vscode-spring-boot-1.53.0\language-server\BOOT-INF\lib\commons-language-server-1.53.0-SNAPSHOT.jar;c:\Users\dushime\.vscode\extensions\vmware.
Launcher Type: SUN_STANDARD

[Global flags]
     intx CICompilerCount                          = 3                                         {product} {ergonomic}
     uint ConcGCThreads                            = 1                                         {product} {ergonomic}
     uint G1ConcRefinementThreads                  = 4                                         {product} {ergonomic}
   size_t G1HeapRegionSize                         = 1048576                                   {product} {ergonomic}
    uintx GCDrainStackTargetSize                   = 64                                        {product} {ergonomic}
     bool HeapDumpOnOutOfMemoryError               = true                                   {manageable} {command line}
   size_t InitialHeapSize                          = 132120576                                 {product} {ergonomic}
   size_t MarkStackSize                            = 4194304                                   {product} {ergonomic}
   size_t MaxHeapSize                              = 1073741824                                {product} {command line}
   size_t MinHeapDeltaBytes                        = 1048576                                   {product} {ergonomic}
   size_t MinHeapSize                              = 8388608                                   {product} {ergonomic}
    uintx NonProfiledCodeHeapSize                  = 0                                      {pd product} {ergonomic}
     bool ProfileInterpreter                       = false                                  {pd product} {command line}
    uintx ProfiledCodeHeapSize                     = 0                                      {pd product} {ergonomic}
   size_t SoftMaxHeapSize                          = 1073741824                             {manageable} {ergonomic}
     intx TieredStopAtLevel                        = 1                                         {product} {command line}
     bool UseCompressedClassPointers               = true                           {product lp64_product} {ergonomic}
     bool UseCompressedOops                        = true                           {product lp64_product} {ergonomic}
     bool UseG1GC                                  = true                                      {product} {ergonomic}
     bool UseLargePagesIndividualAllocation        = false                                  {pd product} {ergonomic}

Logging:
Log output configuration:
 #0: stdout all=warning,jni+resolve=off uptime,level,tags (reconfigured)
 #1: stderr all=off uptime,level,tags

Environment Variables:
JAVA_HOME=C:\Program Files\Java\jdk-21
PATH=C:\Program Files\Common Files\Oracle\Java\javapath;C:\Program Files (x86)\Common Files\Oracle\Java\javapath;D:\Downloads\WINDOWS.X64_193000_db_home\bin;C:\Windows\system32;C:\Windows;C:\Windows\System32\Wbem;C:\Windows\System32\WindowsPowerShell\v1.0\;C:\Windows\System32\OpenSSH\;C:\ProgramData\chocolatey\bin;C:\Program Files\nodejs\;C:\Program Files\Go\bin;C:\Users\dushime\AppData\Roaming\Programs\Python\Python311\Scripts;C:\Users\dushime\AppData\Roaming\Programs\Python\Python311;D:\Everything\Auca study\5 Web technology\tools\apache-maven-3.9.6\bin;C:\Program Files\Apache Software Foundation\Tomcat 10.1bin;C:\Program Files\Java\jdk1.8.0_202\bin;C:\Python312;C:\Program Files\Git\cmd;C:\php-8.3.3;C:\Program Files\PostgreSQL\16\bin;C:\apache-maven-3.9.6\bin;C:\Program Files\Java\jdk1.8.0_202;C:\Program Files\Java\jdk-21;C:\ProgramData\ComposerSetup\bin;C:\Program Files\php-8.3.4;C:\Program Files\Microsoft SQL Server\150\Tools\Binn\;C:\Program Files\Microsoft SQL Server\Client SDK\ODBC\170\Tools\Binn\;C:\Program Files\dotnet\;C:\Users\dushime\scoop\shims;C:\Users\dushime\AppData\Local\Programs\Python\Python312\Scripts\;C:\Users\dushime\AppData\Local\Programs\Python\Python312\;C:\Users\dushime\AppData\Local\Microsoft\WindowsApps;C:\Program Files\Java\jdk1.8.0_202\bin;C:\Program Files\MySQL\MySQL Server 8.0\bin;C:\Users\dushime\AppData\Local\Programs\Microsoft VS Code\bin;C:\Users\dushime\AppData\Roaming\npm;C:\Users\dushime\go\bin;C:\MinGW\bin;C:\Users\dushime\AppData\Roaming\Programs\Python\Python311;C:\Users\dushime\AppData\Roaming\Programs\Python\Python311\Scripts;C:\Python312;C:\Program Files\JetBrains\IntelliJ IDEA 2023.1.2\bin;;C:\apache-maven-3.9.6\bin;C:\Program Files\Java\jdk1.8.0_202;C:\Program Files\Java\jdk-21;C:\Users\dushime\AppData\Roaming\Composer\vendor\bin;C:\Program Files\php-8.3.4;C:\Users\dushime\.dotnet\tools
USERNAME=dushime
OS=Windows_NT
PROCESSOR_IDENTIFIER=Intel64 Family 6 Model 78 Stepping 3, GenuineIntel
TMP=C:\Users\dushime\AppData\Local\Temp
TEMP=C:\Users\dushime\AppData\Local\Temp



Periodic native trim disabled


---------------  S Y S T E M  ---------------

OS:
 Windows 10 , 64 bit Build 19041 (10.0.19041.3636)
OS uptime: 10 days 4:34 hours

CPU: total 4 (initial active 4) (2 cores per cpu, 2 threads per core) family 6 model 78 stepping 3 microcode 0xf0, cx8, cmov, fxsr, ht, mmx, 3dnowpref, sse, sse2, sse3, ssse3, sse4.1, sse4.2, popcnt, lzcnt, tsc, tscinvbit, avx, avx2, aes, erms, clmul, bmi1, bmi2, rtm, adx, fma, vzeroupper, clflush, clflushopt
Processor Information for all 4 processors :
  Max Mhz: 2808, Current Mhz: 2607, Mhz Limit: 2583

Memory: 4k page, system-wide physical 7942M (121M free)
TotalPageFile size 32518M (AvailPageFile size 81M)
current process WorkingSet (physical memory assigned to process): 2M, peak: 4M
current process commit charge ("private bytes"): 46M, peak: 172M

vm_info: OpenJDK 64-Bit Server VM (17.0.10+7) for windows-amd64 JRE (17.0.10+7), built on Jan 16 2024 23:25:11 by "admin" with MS VC++ 16.10 / 16.11 (VS2019)

END.
